<?xml version="1.0" encoding="UTF-8"?>
<testng-results skipped="0" failed="1" ignored="0" total="6" passed="5">
  <reporter-output>
  </reporter-output>
  <suite name="Suite" duration-ms="293323" started-at="2021-02-26T15:32:47Z" finished-at="2021-02-26T15:37:41Z">
    <groups>
    </groups>
    <test name="Test" duration-ms="293323" started-at="2021-02-26T15:32:47Z" finished-at="2021-02-26T15:37:41Z">
      <class name="com.crm.testscripts.LoginTest">
        <test-method status="PASS" signature="setupTest()[pri:0, instance:com.crm.testscripts.LoginTest@2bbf180e]" name="setupTest" is-config="true" duration-ms="32470" started-at="2021-02-26T21:06:49Z" finished-at="2021-02-26T21:07:22Z">
          <reporter-output>
          </reporter-output>
        </test-method> <!-- setupTest -->
        <test-method status="PASS" signature="loginTest()[pri:0, instance:com.crm.testscripts.LoginTest@2bbf180e]" name="loginTest" duration-ms="12033" started-at="2021-02-26T21:07:22Z" finished-at="2021-02-26T21:07:34Z">
          <reporter-output>
          </reporter-output>
        </test-method> <!-- loginTest -->
        <test-method status="PASS" signature="closebrowserTest()[pri:0, instance:com.crm.testscripts.LoginTest@2bbf180e]" name="closebrowserTest" is-config="true" duration-ms="6824" started-at="2021-02-26T21:07:34Z" finished-at="2021-02-26T21:07:41Z">
          <reporter-output>
          </reporter-output>
        </test-method> <!-- closebrowserTest -->
      </class> <!-- com.crm.testscripts.LoginTest -->
      <class name="com.crm.testscripts.CreateContactPageTest">
        <test-method status="PASS" signature="setup()[pri:0, instance:com.crm.testscripts.CreateContactPageTest@d4342c2]" name="setup" is-config="true" duration-ms="20286" started-at="2021-02-26T21:02:49Z" finished-at="2021-02-26T21:03:10Z">
          <reporter-output>
          </reporter-output>
        </test-method> <!-- setup -->
        <test-method status="PASS" signature="createNewCustomerTest(java.lang.String, java.lang.String)[pri:0, instance:com.crm.testscripts.CreateContactPageTest@d4342c2]" name="createNewCustomerTest" duration-ms="6956" started-at="2021-02-26T21:03:10Z" data-provider="getDataFromExcelSheet" finished-at="2021-02-26T21:03:16Z">
          <params>
            <param index="0">
              <value>
                <![CDATA[sidhu11]]>
              </value>
            </param>
            <param index="1">
              <value>
                <![CDATA[satapathy11]]>
              </value>
            </param>
          </params>
          <reporter-output>
          </reporter-output>
        </test-method> <!-- createNewCustomerTest -->
        <test-method status="PASS" signature="setup()[pri:0, instance:com.crm.testscripts.CreateContactPageTest@d4342c2]" name="setup" is-config="true" duration-ms="22246" started-at="2021-02-26T21:03:16Z" finished-at="2021-02-26T21:03:39Z">
          <reporter-output>
          </reporter-output>
        </test-method> <!-- setup -->
        <test-method status="FAIL" signature="createNewCustomerTest(java.lang.String, java.lang.String)[pri:0, instance:com.crm.testscripts.CreateContactPageTest@d4342c2]" name="createNewCustomerTest" duration-ms="47866" started-at="2021-02-26T21:03:39Z" data-provider="getDataFromExcelSheet" finished-at="2021-02-26T21:04:27Z">
          <params>
            <param index="0">
              <value>
                <![CDATA[sidhu12]]>
              </value>
            </param>
            <param index="1">
              <value>
                <![CDATA[satapathy12]]>
              </value>
            </param>
          </params>
          <exception class="org.openqa.selenium.NoSuchElementException">
            <message>
              <![CDATA[no such element: Unable to locate element: {"method":"name","selector":"first_name"}
  (Session info: chrome=88.0.4324.190)
  (Driver info: chromedriver=88.0.4324.27 (6347fe8bf1e48bd0c54d07dc55ca011cf40861c9-refs/branch-heads/4324@{#450}),platform=Windows NT 10.0.15063 x86_64) (WARNING: The server did not provide any stacktrace information)
Command duration or timeout: 10.04 seconds
For documentation on this error, please visit: http://seleniumhq.org/exceptions/no_such_element.html
Build info: version: '2.53.0', revision: '35ae25b1534ae328c771e0856c93e187490ca824', time: '2016-03-15 10:43:46'
System info: host: 'DESKTOP-9APHSBC', ip: '192.168.0.104', os.name: 'Windows 10', os.arch: 'amd64', os.version: '10.0', java.version: '1.8.0_281'
Driver info: org.openqa.selenium.chrome.ChromeDriver
Capabilities [{mobileEmulationEnabled=false, timeouts={implicit=0, pageLoad=300000, script=30000}, hasTouchScreen=false, platform=XP, acceptSslCerts=false, goog:chromeOptions={debuggerAddress=localhost:55273}, acceptInsecureCerts=false, webStorageEnabled=true, browserName=chrome, takesScreenshot=true, javascriptEnabled=true, setWindowRect=true, webauthn:extension:largeBlob=true, unexpectedAlertBehaviour=ignore, applicationCacheEnabled=false, rotatable=false, networkConnectionEnabled=false, chrome={chromedriverVersion=88.0.4324.27 (6347fe8bf1e48bd0c54d07dc55ca011cf40861c9-refs/branch-heads/4324@{#450}), userDataDir=C:\Users\DIBYA\AppData\Local\Temp\scoped_dir2404_243947913}, takesHeapSnapshot=true, pageLoadStrategy=normal, strictFileInteractability=false, databaseEnabled=false, handlesAlerts=true, version=88.0.4324.190, browserConnectionEnabled=false, proxy={}, nativeEvents=true, locationContextEnabled=true, cssSelectorsEnabled=true, webauthn:virtualAuthenticators=true}]
Session ID: 1418e4eb3db3193b55c7cc1495119b26
*** Element info: {Using=name, value=first_name}]]>
            </message>
            <full-stacktrace>
              <![CDATA[org.openqa.selenium.NoSuchElementException: no such element: Unable to locate element: {"method":"name","selector":"first_name"}
  (Session info: chrome=88.0.4324.190)
  (Driver info: chromedriver=88.0.4324.27 (6347fe8bf1e48bd0c54d07dc55ca011cf40861c9-refs/branch-heads/4324@{#450}),platform=Windows NT 10.0.15063 x86_64) (WARNING: The server did not provide any stacktrace information)
Command duration or timeout: 10.04 seconds
For documentation on this error, please visit: http://seleniumhq.org/exceptions/no_such_element.html
Build info: version: '2.53.0', revision: '35ae25b1534ae328c771e0856c93e187490ca824', time: '2016-03-15 10:43:46'
System info: host: 'DESKTOP-9APHSBC', ip: '192.168.0.104', os.name: 'Windows 10', os.arch: 'amd64', os.version: '10.0', java.version: '1.8.0_281'
Driver info: org.openqa.selenium.chrome.ChromeDriver
Capabilities [{mobileEmulationEnabled=false, timeouts={implicit=0, pageLoad=300000, script=30000}, hasTouchScreen=false, platform=XP, acceptSslCerts=false, goog:chromeOptions={debuggerAddress=localhost:55273}, acceptInsecureCerts=false, webStorageEnabled=true, browserName=chrome, takesScreenshot=true, javascriptEnabled=true, setWindowRect=true, webauthn:extension:largeBlob=true, unexpectedAlertBehaviour=ignore, applicationCacheEnabled=false, rotatable=false, networkConnectionEnabled=false, chrome={chromedriverVersion=88.0.4324.27 (6347fe8bf1e48bd0c54d07dc55ca011cf40861c9-refs/branch-heads/4324@{#450}), userDataDir=C:\Users\DIBYA\AppData\Local\Temp\scoped_dir2404_243947913}, takesHeapSnapshot=true, pageLoadStrategy=normal, strictFileInteractability=false, databaseEnabled=false, handlesAlerts=true, version=88.0.4324.190, browserConnectionEnabled=false, proxy={}, nativeEvents=true, locationContextEnabled=true, cssSelectorsEnabled=true, webauthn:virtualAuthenticators=true}]
Session ID: 1418e4eb3db3193b55c7cc1495119b26
*** Element info: {Using=name, value=first_name}
	at sun.reflect.NativeConstructorAccessorImpl.newInstance0(Native Method)
	at sun.reflect.NativeConstructorAccessorImpl.newInstance(Unknown Source)
	at sun.reflect.DelegatingConstructorAccessorImpl.newInstance(Unknown Source)
	at java.lang.reflect.Constructor.newInstance(Unknown Source)
	at org.openqa.selenium.remote.ErrorHandler.createThrowable(ErrorHandler.java:206)
	at org.openqa.selenium.remote.ErrorHandler.throwIfResponseFailed(ErrorHandler.java:158)
	at org.openqa.selenium.remote.RemoteWebDriver.execute(RemoteWebDriver.java:678)
	at org.openqa.selenium.remote.RemoteWebDriver.findElement(RemoteWebDriver.java:363)
	at org.openqa.selenium.remote.RemoteWebDriver.findElementByName(RemoteWebDriver.java:461)
	at org.openqa.selenium.By$ByName.findElement(By.java:303)
	at org.openqa.selenium.remote.RemoteWebDriver.findElement(RemoteWebDriver.java:355)
	at sun.reflect.NativeMethodAccessorImpl.invoke0(Native Method)
	at sun.reflect.NativeMethodAccessorImpl.invoke(Unknown Source)
	at sun.reflect.DelegatingMethodAccessorImpl.invoke(Unknown Source)
	at java.lang.reflect.Method.invoke(Unknown Source)
	at org.openqa.selenium.support.events.EventFiringWebDriver$2.invoke(EventFiringWebDriver.java:103)
	at com.sun.proxy.$Proxy8.findElement(Unknown Source)
	at org.openqa.selenium.support.events.EventFiringWebDriver.findElement(EventFiringWebDriver.java:188)
	at org.openqa.selenium.support.pagefactory.DefaultElementLocator.findElement(DefaultElementLocator.java:69)
	at org.openqa.selenium.support.pagefactory.internal.LocatingElementHandler.invoke(LocatingElementHandler.java:38)
	at com.sun.proxy.$Proxy10.sendKeys(Unknown Source)
	at com.crm.pages_objectrepository.CreateContactPage.createNewContact(CreateContactPage.java:28)
	at com.crm.testscripts.CreateContactPageTest.createNewCustomerTest(CreateContactPageTest.java:39)
	at sun.reflect.NativeMethodAccessorImpl.invoke0(Native Method)
	at sun.reflect.NativeMethodAccessorImpl.invoke(Unknown Source)
	at sun.reflect.DelegatingMethodAccessorImpl.invoke(Unknown Source)
	at java.lang.reflect.Method.invoke(Unknown Source)
	at org.testng.internal.MethodInvocationHelper.invokeMethod(MethodInvocationHelper.java:108)
	at org.testng.internal.Invoker.invokeMethod(Invoker.java:661)
	at org.testng.internal.Invoker.invokeTestMethod(Invoker.java:869)
	at org.testng.internal.Invoker.invokeTestMethods(Invoker.java:1193)
	at org.testng.internal.TestMethodWorker.invokeTestMethods(TestMethodWorker.java:126)
	at org.testng.internal.TestMethodWorker.run(TestMethodWorker.java:109)
	at org.testng.TestRunner.privateRun(TestRunner.java:744)
	at org.testng.TestRunner.run(TestRunner.java:602)
	at org.testng.SuiteRunner.runTest(SuiteRunner.java:380)
	at org.testng.SuiteRunner.runSequentially(SuiteRunner.java:375)
	at org.testng.SuiteRunner.privateRun(SuiteRunner.java:340)
	at org.testng.SuiteRunner.run(SuiteRunner.java:289)
	at org.testng.SuiteRunnerWorker.runSuite(SuiteRunnerWorker.java:52)
	at org.testng.SuiteRunnerWorker.run(SuiteRunnerWorker.java:86)
	at org.testng.TestNG.runSuitesSequentially(TestNG.java:1301)
	at org.testng.TestNG.runSuitesLocally(TestNG.java:1226)
	at org.testng.TestNG.runSuites(TestNG.java:1144)
	at org.testng.TestNG.run(TestNG.java:1115)
	at org.testng.remote.AbstractRemoteTestNG.run(AbstractRemoteTestNG.java:115)
	at org.testng.remote.RemoteTestNG.initAndRun(RemoteTestNG.java:251)
	at org.testng.remote.RemoteTestNG.main(RemoteTestNG.java:77)
]]>
            </full-stacktrace>
          </exception> <!-- org.openqa.selenium.NoSuchElementException -->
          <reporter-output>
          </reporter-output>
        </test-method> <!-- createNewCustomerTest -->
        <test-method status="PASS" signature="setup()[pri:0, instance:com.crm.testscripts.CreateContactPageTest@d4342c2]" name="setup" is-config="true" duration-ms="28824" started-at="2021-02-26T21:04:27Z" finished-at="2021-02-26T21:04:55Z">
          <reporter-output>
          </reporter-output>
        </test-method> <!-- setup -->
        <test-method status="PASS" signature="createNewCustomerTest(java.lang.String, java.lang.String)[pri:0, instance:com.crm.testscripts.CreateContactPageTest@d4342c2]" name="createNewCustomerTest" duration-ms="6812" started-at="2021-02-26T21:04:55Z" data-provider="getDataFromExcelSheet" finished-at="2021-02-26T21:05:02Z">
          <params>
            <param index="0">
              <value>
                <![CDATA[sidhu13]]>
              </value>
            </param>
            <param index="1">
              <value>
                <![CDATA[satapathy13]]>
              </value>
            </param>
          </params>
          <reporter-output>
          </reporter-output>
        </test-method> <!-- createNewCustomerTest -->
        <test-method status="PASS" signature="setup()[pri:0, instance:com.crm.testscripts.CreateContactPageTest@d4342c2]" name="setup" is-config="true" duration-ms="38600" started-at="2021-02-26T21:05:02Z" finished-at="2021-02-26T21:05:41Z">
          <reporter-output>
          </reporter-output>
        </test-method> <!-- setup -->
        <test-method status="PASS" signature="createNewCustomerTest(java.lang.String, java.lang.String)[pri:0, instance:com.crm.testscripts.CreateContactPageTest@d4342c2]" name="createNewCustomerTest" duration-ms="23999" started-at="2021-02-26T21:05:41Z" data-provider="getDataFromExcelSheet" finished-at="2021-02-26T21:06:05Z">
          <params>
            <param index="0">
              <value>
                <![CDATA[sidhu14]]>
              </value>
            </param>
            <param index="1">
              <value>
                <![CDATA[satapathy14]]>
              </value>
            </param>
          </params>
          <reporter-output>
          </reporter-output>
        </test-method> <!-- createNewCustomerTest -->
        <test-method status="PASS" signature="setup()[pri:0, instance:com.crm.testscripts.CreateContactPageTest@d4342c2]" name="setup" is-config="true" duration-ms="36349" started-at="2021-02-26T21:06:05Z" finished-at="2021-02-26T21:06:41Z">
          <reporter-output>
          </reporter-output>
        </test-method> <!-- setup -->
        <test-method status="PASS" signature="createNewCustomerTest(java.lang.String, java.lang.String)[pri:0, instance:com.crm.testscripts.CreateContactPageTest@d4342c2]" name="createNewCustomerTest" duration-ms="7978" started-at="2021-02-26T21:06:41Z" data-provider="getDataFromExcelSheet" finished-at="2021-02-26T21:06:49Z">
          <params>
            <param index="0">
              <value>
                <![CDATA[sidhu15]]>
              </value>
            </param>
            <param index="1">
              <value>
                <![CDATA[satapathy15]]>
              </value>
            </param>
          </params>
          <reporter-output>
          </reporter-output>
        </test-method> <!-- createNewCustomerTest -->
      </class> <!-- com.crm.testscripts.CreateContactPageTest -->
    </test> <!-- Test -->
  </suite> <!-- Suite -->
</testng-results>
